<?xml version="1.0" encoding="UTF-8"?>
<testng-results ignored="0" total="1" passed="1" failed="0" skipped="0">
  <reporter-output>
  </reporter-output>
  <suite started-at="2025-10-22T16:54:21 IST" name="Suite" finished-at="2025-10-22T16:54:57 IST" duration-ms="36547">
    <groups>
    </groups>
    <test started-at="2025-10-22T16:54:21 IST" name="Test" finished-at="2025-10-22T16:54:57 IST" duration-ms="36547">
      <class name="com.tests.LoginTest">
        <test-method is-config="true" signature="setUp(java.lang.String)[pri:0, instance:com.tests.LoginTest@3427b02d]" started-at="2025-10-22T16:54:21 IST" name="setUp" finished-at="2025-10-22T16:54:32 IST" duration-ms="11679" status="PASS">
          <params>
            <param index="0">
              <value>
                <![CDATA[chromium]]>
              </value>
            </param>
          </params>
          <reporter-output>
          </reporter-output>
        </test-method> <!-- setUp -->
        <test-method signature="testSuccessfulLogin()[pri:0, instance:com.tests.LoginTest@3427b02d]" started-at="2025-10-22T16:54:32 IST" name="testSuccessfulLogin" finished-at="2025-10-22T16:54:56 IST" duration-ms="23476" status="PASS">
          <reporter-output>
          </reporter-output>
        </test-method> <!-- testSuccessfulLogin -->
        <test-method is-config="true" signature="tearDown()[pri:0, instance:com.tests.LoginTest@3427b02d]" started-at="2025-10-22T16:54:57 IST" name="tearDown" finished-at="2025-10-22T16:54:57 IST" duration-ms="540" status="PASS">
          <reporter-output>
          </reporter-output>
        </test-method> <!-- tearDown -->
      </class> <!-- com.tests.LoginTest -->
    </test> <!-- Test -->
  </suite> <!-- Suite -->
</testng-results>
